0.000465
0.000288
0.000392
0.000213
0.000161
0.000109
0.000123
0.000134
0.000115
0.000139
0.000189
0.000166
0.000198
0.000164
0.000220
0.000132
0.000188
0.000124
0.000206
0.000188
0.000150
0.000187
0.000211
0.000170
0.000258
0.000218
0.000166
0.000240
0.000195
0.000220
0.000160
0.000294
0.000167
0.000156
0.000230
0.000234
0.000194
0.000182
0.000184
0.000293
0.000297
0.000255
0.000360
0.000376
0.000176
0.000180
0.000270
0.000246
0.000286
0.000187
0.000293
0.000292
0.000349
0.000328
0.000334
0.000213
0.000387
0.000345
0.000400
0.000443
0.000353
0.000425
0.000313
0.000284
0.000378
0.000360
0.000382
0.000395
0.000248
0.000178
0.000202
0.000191
0.000217
0.000194
0.000189
0.000255
0.000151
0.000322
0.000255
0.000234
0.000281
0.000243
0.000429
0.000243
0.000159
0.000245
0.000345
0.000211
0.000260
0.000273
0.000316
0.000255
0.000462
0.000291
0.000223
0.000270
0.000282
0.000401
0.000214
0.000260
0.000391
0.000350
0.000296
0.000326
0.000331
0.000282
0.000224
0.000233
0.000305
0.000347
0.000312
0.000610
0.000307
0.000500
0.000367
0.000343
0.000355
0.000260
0.000344
0.000278
0.000473
0.000336
0.000369
0.000426
0.000327
0.000388
0.000377
0.000356
0.000615
0.000421
0.000451
0.000451
0.000575
0.000376
0.000588
0.000567
0.000462
0.000508
0.000495
0.000774
0.000399
0.000132
0.000132
0.000081
0.000130
0.000247
0.000229
0.000091
0.000222
0.000114
0.000101
0.000161
0.000125
0.000165
0.000121
0.000140
0.000153
0.000170
0.000203
0.000227
0.000146
0.000172
0.000138
0.000186
0.000147
0.000125
0.000141
0.000183
0.000103
0.000101
0.000188
0.000138
0.000131
0.000171
0.000216
0.000101
0.000198
0.000219
0.000148
0.000095
0.000174
0.000151
0.000256
0.000194
0.000212
0.000182
0.000134
0.000138
0.000190
0.000224
0.000186
0.000203
0.000214
0.000230
0.000192
0.000254
0.000145
0.000249
0.000224
0.000191
0.000193
0.000131
0.000214
0.000329
0.000269
0.000158
0.000199
0.000155
0.000215
0.000175
0.000280
0.000164
0.000277
0.000231
0.000248
0.000204
0.000182
0.000295
0.000151
0.000232
0.000337
0.000284
0.000232
0.000194
0.000300
0.000403
0.000242
0.000337
0.000268
0.000266
0.000138
0.000153
0.000228
0.000272
0.000297
0.000293
0.000359
0.000396
0.000269
0.000354
0.000249
0.000264
0.000300
0.000268
0.000303
0.000283
0.000488
0.000273
0.000410
0.000290
0.000374
0.000258
0.000141
0.000364
0.000342
0.000389
0.000364
0.000311
0.000369
0.000643
0.000259
0.000672
0.000303
0.000569
0.000399
0.000394
0.000334
0.000218
0.000526
0.000367
0.000405
0.000428
0.000251
0.000399
0.000716
0.000533
0.000372
0.000513
0.000472
0.000368
0.000631
0.000515
0.000643
0.000759
0.000461
0.000371
0.000614
0.000512
0.000721
0.000282
0.000640
0.000412
0.000405
0.000386
0.000447
0.000574
0.000596
0.000702
0.000386
0.000263
0.000813
0.000518
0.000284
0.000659
0.000484
0.000465
0.000366
0.000714
0.000743
0.000619
0.000572
0.000733
0.000765
0.000727
0.000572
0.000749
0.000578
0.000669
0.000624
0.000544
0.000612
0.000811
0.000521
0.000513
0.000476
0.000514
0.000675
0.000479
0.000458
0.000543
0.000770
0.000715
0.000574
0.000488
0.000423
0.000622
0.000693
0.000404
0.000858
0.000518
0.000868
0.000781
0.000503
0.000710
0.000859
0.000589
0.000766
0.000803
0.000740
0.000675
0.000762
0.000656
0.000667
0.000748
0.000491
0.000822
0.000632
0.000877
0.000828
0.000477
0.000786
0.000622
0.000749
0.000898
0.000582
0.000817
0.000529
0.000806
0.000785
0.000581
0.000690
0.000811
0.000819
0.000645
0.000778
0.000684
0.000533
0.000855
0.000664
0.000791
0.000731
0.000736
0.000808
0.000836
0.000770
0.000717
0.000756
0.000668
0.000871
0.000803
0.000538
0.000811
0.000713
0.000674
0.000711
0.000717
0.000853
0.000850
0.000974
0.000923
0.000898
0.000592
0.000980
0.000625
0.000708
0.000939
0.000633
0.000925
0.000803
0.000873
0.000811
0.000777
0.000854
0.000758
0.000612
0.000713
0.000765
0.001094
0.000665
0.000875
0.000862
0.000641
0.000582
0.000562
0.000716
0.000856
0.000740
0.000708
0.000640
0.000656
0.000744
0.000684
0.000869
0.001110
0.000892
0.000719
0.000836
0.000764
0.000853
0.000824
0.000773
0.000923
0.000694
0.000797
0.000790
0.001021
0.001262
0.000764
0.000866
0.001142
0.000817
0.001139
0.000728
0.000781
0.000748
0.000843
0.000881
0.000971
0.001042
0.001124
0.001202
0.000997
0.000964
0.000999
0.000852
0.000825
0.001056
0.001056
0.000957
0.000811
0.001312
0.000916
0.001077
0.000923
0.001140
0.001049
0.001216
0.000885
0.000839
0.000762
0.001114
0.001000
0.000996
0.001292
0.000956
0.001098
0.001174
0.001264
0.000976
0.001083
0.001113
0.001229
0.000998
0.000968
0.001336
0.000984
0.001195
0.001388
0.001252
0.000870
0.001189
0.001202
0.001253
0.001001
0.001037
0.000996
0.001409
0.001278
0.001143
0.000940
0.001037
0.001018
0.000958
0.001199
0.001263
0.001029
0.001039
0.001014
0.001024
0.001343
0.001415
0.001256
0.001394
0.001459
0.001643
0.001006
0.001246
0.001400
0.001157
0.001429
0.001458
0.001077
0.001264
0.001471
0.001350
0.001222
0.001128
0.001443
0.001092
0.001262
0.001080
0.001766
0.001062
0.001074
0.001202
0.001355
0.001472
0.001421
0.001319
0.001048
0.001483
0.001367
0.001234
0.001378
0.001363
0.001085
0.001112
0.001524
0.001364
0.001411
0.001307
0.001345
0.001436
0.001310
0.001706
0.001561
0.001281
0.001898
0.001749
0.001232
0.001375
0.001440
0.001370
0.001299
0.001250
0.001351
0.001509
0.001352
0.001583
0.001478
0.001833
0.001555
0.001608
0.001565
0.001428
0.001351
0.001316
0.001615
0.001743
0.001480
0.001590
0.001684
0.001912
0.001544
0.001406
0.001300
0.001501
0.001616
0.001529
0.001684
0.001396
0.001514
0.001368
0.001462
0.001523
0.001480
0.001451
0.001235
0.001644
0.001506
0.001686
0.001497
0.001471
0.001400
0.001761
0.001726
0.001558
0.001368
0.001642
0.001539
0.001838
0.001477
0.001486
0.001626
0.001677
0.001613
0.001690
0.001813
0.001575
0.001494
0.001378
0.001601
0.001627
0.001406
0.001584
0.001597
0.001588
0.001798
0.001304
0.001637
0.001366
0.001522
0.001710
0.001537
0.001737
0.001720
0.001560
0.001370
0.001547
0.001755
0.001634
0.001834
0.002207
0.001636
0.002023
0.001911
0.001402
0.001650
0.001405
0.001668
0.001900
0.001584
0.001534
0.002068
0.001887
0.001834
0.001866
0.001637
0.001394
0.001681
0.002017
0.001682
0.001964
0.001920
0.001966
0.001790
0.001503
0.001986
0.001651
0.001868
0.001676
0.001699
0.001393
0.001651
0.001726
0.001466
0.001674
0.001659
0.002004
0.001686
0.001747
0.001634
0.001565
0.002063
0.001654
0.001412
0.001553
0.002078
0.001712
0.001455
0.001527
0.001715
0.002075
0.001432
0.001626
0.001735
0.001604
0.001648
0.002053
0.001644
0.001552
0.001422
0.001703
0.001474
0.001429
0.002075
0.001725
0.001433
0.001438
0.002100
0.001420
0.002121
0.001630
0.001550
0.001548
0.002124
0.001589
0.001749
0.002193
0.001383
0.001651
0.001732
0.001673
0.001845
0.001676
0.001628
0.001668
0.002147
0.002124
0.001659
0.000251
0.000114
0.000088
0.000148
0.000129
0.000165
0.000181
0.000206
0.000209
0.000114
0.000160
0.000208
0.000241
0.000238
0.000237
0.000225
0.000142
0.000169
0.000230
0.000198
0.000288
0.000251
0.000292
0.000539
0.000479
0.000414
0.000421
0.000620
0.000255
0.000312
0.000437
0.000388
0.000466
0.000444
0.000467
0.000538
0.000601
0.000546
0.000638
0.000640
0.000421
0.000641
0.000444
0.000572
0.000576
0.000531
0.000670
0.000628
0.000484
0.000398
0.000475
0.000624
0.001015
0.000715
0.000682
0.000806
0.000632
0.001161
0.000705
0.001006
0.000684
0.000888
0.000714
0.000801
0.000630
0.000942
0.000444
0.000826
0.000750
0.000554
0.000720
0.001249
0.001564
0.000533
0.000830
0.001250
0.000803
0.000829
0.001277
0.001702
0.000839
0.000771
0.000720
0.000957
0.001738
0.000961
0.002171
0.001273
0.001606
0.001078
0.001621
0.001664
0.001570
0.001644
0.001302
0.002526
0.002300
0.001560
0.001123
0.001537
0.001933
0.002379
0.001199
0.002346
0.002732
0.001189
0.003382
0.002618
0.001599
0.001969
0.002266
0.002385
0.003341
0.001774
0.003146
0.003108
0.003063
0.001536
0.002496
0.001586
0.002298
0.001414
0.003258
0.001987
0.002420
0.002573
0.003040
0.002013
0.003029
0.005510
0.003684
0.002514
0.003155
0.002006
0.001881
0.003388
0.001968
0.003201
0.004718
0.002180
0.002142
0.002021
0.004398
0.004460
0.003606
0.002062
0.005320
0.002419
0.003899
0.002463
0.006998
0.005008
0.002299
0.005301
0.004530
0.002621
0.003072
0.006331
0.003647
0.003536
0.005396
0.002880
0.004052
0.002242
0.006027
0.003709
0.002582
0.006034
0.005001
0.004843
0.005052
0.002886
0.003442
0.006939
0.002444
0.009008
0.005514
0.002364
0.003342
0.004098
0.005826
0.004437
0.003646
0.006371
0.004154
0.003205
0.007633
0.004717
0.005342
0.005229
0.009667
0.005000
0.002782
0.004893
0.007166
0.005190
0.005906
0.007245
0.004557
0.005214
0.005956
0.006116
0.011046
0.004420
0.007364
0.006335
0.008527
0.004261
0.005763
0.010495
0.007444
0.005448
0.004922
0.005427
0.006447
0.008836
0.006109
0.006616
0.013424
0.005612
0.007878
0.007325
0.007969
0.004497
0.005959
0.005183
0.011135
0.010079
0.004443
0.007743
0.008321
0.007775
0.007603
0.006410
0.005265
0.003689
0.012528
0.012995
0.007849
0.008168
0.009623
0.007455
0.009219
0.009655
0.008665
0.013261
0.011071
0.008879
0.008572
0.007713
0.012204
0.009075
0.012474
0.010246
0.008097
0.011211
0.013284
0.007804
0.006333
0.010708
0.006987
0.007401
0.009482
0.008334
0.010313
0.006981
0.009700
0.009617
0.010934
0.008931
0.012657
0.007397
0.009543
0.008998
0.014081
0.009732
0.013086
0.018589
0.010088
0.012687
0.014574
0.009479
0.006435
0.017327
0.012132
0.020227
0.008187
0.012589
0.010389
0.016752
0.015372
0.010500
0.017155
0.010798
0.010135
0.018777
0.010757
0.014439
0.012633
0.014368
0.009076
0.016385
0.016570
0.011672
0.011569
0.014747
0.018144
0.011638
0.010301
0.016351
0.015620
0.013070
0.013531
0.011380
0.008652
0.018393
0.016904
0.007581
0.015611
0.018214
0.016457
0.020244
0.009012
0.011955
0.021125
0.014280
0.021243
0.015328
0.007432
0.015084
0.015342
0.015129
0.016212
0.020584
0.016917
0.018418
0.021179
0.015460
0.012979
0.010232
0.022255
0.014181
0.012345
0.017220
0.017653
0.023941
0.017876
0.012960
0.018693
0.014654
0.023180
0.019869
0.018559
0.016369
0.016301
0.019947
0.015044
0.014076
0.011429
0.014228
0.011694
0.026493
0.020759
0.021349
0.018877
0.018020
0.017075
0.020026
0.021093
0.009945
0.017134
0.019352
0.021699
0.024662
0.023615
0.027435
0.024378
0.018080
0.029398
0.030692
0.026847
0.016051
0.024864
0.025051
0.023946
0.024569
0.021670
0.020040
0.020096
0.026158
0.020107
0.019927
0.025117
0.022250
0.015860
0.022216
0.024349
0.029019
0.019419
0.025513
0.024616
0.028465
0.025154
0.017604
0.018388
0.021669
0.021461
0.030224
0.023538
0.025863
0.030453
0.029417
0.022409
0.030498
0.023851
0.026224
0.028415
0.030846
0.028290
0.026685
0.023657
0.029331
0.031623
0.030880
0.028038
0.026932
0.026107
0.029085
0.031297
0.019723
0.026290
0.031881
0.031318
0.026073
0.028862
0.026191
0.029057
0.027519
0.026115
0.022241
0.028740
0.027380
0.033628
0.029970
0.032864
0.027117
0.027442
0.032334
0.019579
0.029421
0.031786
0.027153
0.031622
0.029403
0.030173
0.024026
0.030250
0.021445
0.029400
0.029027
0.035574
0.020792
0.031716
0.030262
0.032039
0.031967
0.031968
0.020607
0.033561
0.029463
0.035683
0.033941
0.033936
0.031815
0.032589
0.031911
0.030761
0.036098
0.033132
0.029042
0.032820
0.029415
0.032088
0.032203
0.033513
0.033931
0.029303
0.034347
0.035552
0.032176
