0.000871
0.000749
0.000450
0.001052
0.001139
0.000396
0.000385
0.000515
0.000650
0.001295
0.000992
0.000830
0.001114
0.000663
0.000302
0.000214
0.000169
0.000144
0.000314
0.000238
0.000240
0.000187
0.000345
0.000235
0.000435
0.000299
0.000280
0.000411
0.000210
0.000312
0.000280
0.000477
0.000268
0.000270
0.000241
0.000331
0.000262
0.000271
0.000305
0.000486
0.000351
0.000418
0.000574
0.000470
0.000132
0.000227
0.000349
0.000240
0.000213
0.000286
0.000365
0.000427
0.000460
0.000497
0.000436
0.000325
0.000266
0.000578
0.000524
0.000524
0.000506
0.000580
0.000593
0.000465
0.000491
0.000396
0.000483
0.000348
0.000531
0.000364
0.000435
0.000549
0.000334
0.000398
0.000451
0.000466
0.000267
0.000752
0.000592
0.000293
0.000601
0.000616
0.000744
0.000495
0.000377
0.000587
0.000722
0.000502
0.000669
0.000474
0.000684
0.000627
0.000781
0.000400
0.000509
0.000630
0.000651
0.000701
0.000513
0.000571
0.000815
0.000434
0.000693
0.000615
0.000729
0.000629
0.000415
0.000523
0.000684
0.000672
0.000717
0.001153
0.000670
0.000877
0.000750
0.000702
0.000761
0.000506
0.000720
0.000721
0.000800
0.000720
0.000720
0.000682
0.000724
0.000775
0.000752
0.000763
0.001056
0.000720
0.000751
0.000838
0.001169
0.000787
0.001149
0.000927
0.000789
0.000803
0.000809
0.001384
0.001794
0.000501
0.000690
0.000195
0.000489
0.001848
0.001695
0.000230
0.001680
0.000358
0.000363
0.000445
0.000268
0.000927
0.000506
0.000528
0.000845
0.000823
0.001526
0.000551
0.000558
0.000492
0.000714
0.001331
0.000511
0.000569
0.000642
0.001262
0.000281
0.000270
0.001092
0.000374
0.000535
0.001057
0.001586
0.000409
0.001446
0.001470
0.000456
0.000266
0.000776
0.000710
0.001586
0.000690
0.001428
0.001196
0.000327
0.000687
0.000898
0.000507
0.000286
0.001412
0.000864
0.001705
0.000770
0.000614
0.000777
0.001686
0.001631
0.001405
0.000615
0.000403
0.001591
0.001181
0.001641
0.000490
0.001221
0.000982
0.001676
0.000504
0.000885
0.000661
0.001838
0.001533
0.000286
0.001217
0.001210
0.001890
0.000482
0.000882
0.001147
0.001077
0.001734
0.000418
0.001736
0.001788
0.001696
0.001512
0.001630
0.000867
0.000649
0.000557
0.000570
0.001544
0.001112
0.000666
0.001508
0.002185
0.000821
0.000806
0.001503
0.001886
0.001679
0.001663
0.001459
0.001095
0.001672
0.000680
0.001987
0.000392
0.002117
0.001886
0.000426
0.000897
0.000856
0.002047
0.001152
0.001680
0.002206
0.002698
0.001763
0.002666
0.001057
0.002498
0.002009
0.002053
0.001037
0.000385
0.001664
0.001974
0.001823
0.001191
0.001049
0.001689
0.003013
0.002729
0.001937
0.002196
0.002169
0.000773
0.002531
0.002649
0.002882
0.002860
0.001330
0.001172
0.001442
0.002226
0.002837
0.001664
0.001628
0.001124
0.001161
0.001088
0.000652
0.002154
0.002410
0.002846
0.002072
0.000911
0.003072
0.000946
0.000800
0.002548
0.000958
0.002318
0.001690
0.001823
0.003278
0.002595
0.000963
0.003123
0.003269
0.002846
0.001825
0.003148
0.002564
0.002552
0.003059
0.002470
0.002743
0.003257
0.001093
0.002284
0.002085
0.002656
0.002654
0.001232
0.002523
0.000770
0.003367
0.003040
0.000988
0.002023
0.000907
0.001349
0.003106
0.000699
0.003101
0.002639
0.003122
0.002981
0.002569
0.002725
0.002940
0.002205
0.002855
0.002324
0.003246
0.003090
0.003273
0.001019
0.002715
0.002732
0.000813
0.003047
0.002722
0.003207
0.003026
0.001005
0.002852
0.001078
0.002917
0.003442
0.001171
0.003593
0.000915
0.003269
0.003229
0.001072
0.002889
0.003352
0.002874
0.002626
0.003387
0.002101
0.002294
0.003303
0.001288
0.003329
0.001861
0.003168
0.003202
0.003109
0.003231
0.001615
0.003116
0.002194
0.003316
0.001207
0.001367
0.001484
0.003031
0.003136
0.001552
0.002221
0.003235
0.001971
0.003269
0.003154
0.002398
0.001160
0.003461
0.002124
0.001430
0.003195
0.001562
0.003502
0.001486
0.003275
0.001126
0.003254
0.001677
0.001048
0.001592
0.001447
0.001631
0.003548
0.001319
0.001347
0.001651
0.000932
0.001120
0.001290
0.001784
0.001509
0.001703
0.001726
0.001656
0.001625
0.001522
0.001722
0.001850
0.003542
0.003388
0.001338
0.001333
0.001374
0.001331
0.001905
0.001593
0.001882
0.001602
0.001570
0.001618
0.002668
0.004552
0.001465
0.001699
0.004583
0.001672
0.003856
0.001313
0.001622
0.001848
0.001673
0.001865
0.002038
0.003497
0.003321
0.003805
0.001988
0.001890
0.003679
0.002056
0.001934
0.002468
0.003289
0.001699
0.001295
0.004931
0.001766
0.003400
0.001922
0.003457
0.002113
0.004392
0.001756
0.001661
0.001086
0.003573
0.003503
0.001836
0.003884
0.003392
0.003604
0.002984
0.003672
0.001644
0.003373
0.003654
0.003824
0.003644
0.002064
0.004583
0.002062
0.004419
0.003849
0.004226
0.001327
0.003882
0.002908
0.003889
0.002130
0.001835
0.001710
0.003961
0.004585
0.002301
0.001776
0.002339
0.001956
0.002462
0.003661
0.002314
0.003453
0.002236
0.001831
0.001836
0.003758
0.003893
0.003799
0.003333
0.004414
0.005300
0.002377
0.004032
0.004812
0.003558
0.004020
0.004294
0.003611
0.002980
0.003998
0.004166
0.002576
0.003667
0.004030
0.002276
0.002984
0.003595
0.005356
0.002344
0.002229
0.003799
0.003829
0.005045
0.004713
0.004063
0.001758
0.004032
0.003870
0.003791
0.004910
0.004826
0.003774
0.002359
0.004360
0.004229
0.005121
0.002456
0.003034
0.003913
0.003994
0.005432
0.004414
0.003022
0.005489
0.005504
0.003553
0.004144
0.004350
0.003100
0.003866
0.003922
0.004108
0.004407
0.004236
0.004385
0.004041
0.005545
0.004280
0.005445
0.005124
0.004029
0.004171
0.003069
0.005496
0.005058
0.004170
0.005449
0.005541
0.005552
0.004423
0.004253
0.004096
0.004366
0.004469
0.004223
0.005484
0.003155
0.004219
0.004212
0.004391
0.003946
0.005072
0.003984
0.003974
0.005595
0.004318
0.004425
0.004410
0.004100
0.003122
0.005753
0.005580
0.004242
0.003095
0.005177
0.004068
0.005784
0.003134
0.003269
0.005508
0.004322
0.004263
0.005505
0.005771
0.004134
0.004973
0.003140
0.004516
0.004626
0.004226
0.004463
0.004101
0.004494
0.005671
0.004151
0.004440
0.004277
0.004107
0.004531
0.004468
0.005505
0.005591
0.004129
0.002927
0.004048
0.005643
0.004502
0.005734
0.005893
0.004161
0.005870
0.005724
0.004330
0.004499
0.002918
0.004524
0.005444
0.004503
0.004140
0.005837
0.005694
0.005655
0.005731
0.004585
0.003213
0.004509
0.005839
0.004586
0.005804
0.005816
0.005893
0.005734
0.004121
0.005882
0.004548
0.005825
0.004611
0.004426
0.002957
0.004118
0.004407
0.003251
0.004407
0.004472
0.005880
0.004573
0.004389
0.004524
0.004143
0.005826
0.004531
0.003204
0.004109
0.005850
0.004601
0.003419
0.004028
0.004507
0.006000
0.003228
0.004145
0.004578
0.004503
0.004499
0.005954
0.004543
0.004099
0.003206
0.004529
0.003259
0.003209
0.005881
0.004374
0.003217
0.003379
0.005878
0.003190
0.006000
0.004513
0.004153
0.004178
0.005984
0.003331
0.004564
0.005983
0.003209
0.004621
0.004489
0.004643
0.004705
0.004614
0.004588
0.004636
0.006043
0.006044
0.004603
0.000108
0.000051
0.000035
0.000054
0.000060
0.000071
0.000062
0.000076
0.000057
0.000042
0.000074
0.000071
0.000110
0.000100
0.000093
0.000089
0.000053
0.000057
0.000083
0.000065
0.000100
0.000109
0.000112
0.000211
0.000193
0.000178
0.000171
0.000262
0.000094
0.000136
0.000213
0.000140
0.000177
0.000197
0.000190
0.000229
0.000285
0.000200
0.000226
0.000331
0.000159
0.000212
0.000230
0.000303
0.000314
0.000264
0.000397
0.000378
0.000229
0.000257
0.000277
0.000361
0.000497
0.000398
0.000361
0.000473
0.000321
0.000663
0.000371
0.000523
0.000428
0.000480
0.000417
0.000420
0.000329
0.000536
0.000238
0.000501
0.000478
0.000346
0.000402
0.000785
0.000926
0.000274
0.000450
0.000701
0.000426
0.000424
0.000720
0.000947
0.000417
0.000361
0.000368
0.000534
0.001073
0.000586
0.001228
0.000673
0.000909
0.000673
0.000993
0.000868
0.000925
0.000882
0.000708
0.001535
0.001303
0.000957
0.000675
0.000851
0.001086
0.001460
0.000623
0.001347
0.001549
0.000659
0.001980
0.001562
0.000910
0.001105
0.001317
0.001369
0.001999
0.000925
0.001820
0.001758
0.001779
0.000903
0.001404
0.000909
0.001357
0.000772
0.001902
0.001145
0.001453
0.001449
0.001740
0.001191
0.001685
0.003244
0.002222
0.001422
0.001802
0.001156
0.001020
0.001911
0.001106
0.001858
0.002759
0.001255
0.001366
0.001301
0.002605
0.002508
0.002083
0.001156
0.003077
0.001353
0.002119
0.001450
0.004182
0.002950
0.001404
0.003286
0.002701
0.001581
0.001688
0.003705
0.002036
0.002001
0.003135
0.001648
0.002288
0.001349
0.003548
0.002047
0.001620
0.003453
0.002893
0.002848
0.002919
0.001650
0.001929
0.003965
0.001311
0.005308
0.003359
0.001237
0.001898
0.002353
0.003471
0.002559
0.002109
0.003744
0.002530
0.001814
0.004424
0.002887
0.003131
0.003064
0.005646
0.002935
0.001577
0.002846
0.004199
0.002919
0.003461
0.004341
0.002629
0.003129
0.003448
0.003537
0.006455
0.002476
0.004252
0.003509
0.004832
0.002427
0.003482
0.006117
0.004245
0.003222
0.002835
0.003314
0.003739
0.005160
0.003455
0.003625
0.007849
0.003235
0.004519
0.004230
0.004637
0.002706
0.003453
0.002997
0.006545
0.005978
0.002492
0.004555
0.004673
0.004377
0.004389
0.003840
0.002934
0.002198
0.007236
0.007436
0.004649
0.004696
0.005590
0.004269
0.005269
0.005748
0.005118
0.007636
0.006587
0.005123
0.004986
0.004622
0.007083
0.005196
0.007350
0.005822
0.004613
0.006280
0.007757
0.004704
0.003549
0.006063
0.003940
0.004532
0.005576
0.004704
0.005866
0.004024
0.005720
0.005773
0.006540
0.005117
0.007371
0.004137
0.005552
0.005168
0.008263
0.005658
0.007613
0.011319
0.005997
0.007422
0.008421
0.005401
0.003721
0.010361
0.007043
0.011873
0.004706
0.007392
0.006094
0.009933
0.008792
0.006068
0.010003
0.006296
0.005842
0.011112
0.006379
0.008229
0.007603
0.008233
0.005069
0.009642
0.009790
0.006727
0.006717
0.008640
0.010471
0.006814
0.005877
0.009253
0.008903
0.007512
0.007869
0.006619
0.004852
0.010779
0.009885
0.004301
0.009169
0.010693
0.009656
0.011941
0.005098
0.007104
0.012769
0.008097
0.012458
0.008714
0.004165
0.008685
0.008873
0.008900
0.009399
0.012317
0.009969
0.010855
0.012556
0.009131
0.007595
0.005922
0.013333
0.008256
0.007108
0.010082
0.010245
0.014071
0.010506
0.007679
0.010858
0.008573
0.013949
0.011535
0.010682
0.009741
0.009490
0.011741
0.008823
0.008144
0.006639
0.008324
0.006661
0.015973
0.012515
0.012657
0.010947
0.010540
0.010047
0.011396
0.012285
0.005973
0.009714
0.011416
0.012896
0.014468
0.013948
0.016250
0.014044
0.010709
0.017571
0.018143
0.015929
0.009496
0.014448
0.014976
0.014294
0.014598
0.012831
0.011672
0.011864
0.015306
0.011950
0.011726
0.014472
0.013110
0.009251
0.013360
0.014527
0.017258
0.011369
0.015049
0.014227
0.016878
0.014363
0.010302
0.010410
0.012517
0.012551
0.018054
0.013467
0.015292
0.017772
0.016901
0.013202
0.017772
0.013629
0.015165
0.016320
0.019825
0.016526
0.015920
0.013884
0.017439
0.018800
0.018277
0.016093
0.015944
0.015263
0.017439
0.018476
0.011347
0.015334
0.019004
0.018453
0.015113
0.017096
0.015249
0.016797
0.015874
0.015148
0.013053
0.016924
0.015995
0.019685
0.017214
0.019190
0.015598
0.015846
0.018879
0.011359
0.017137
0.018351
0.015894
0.018436
0.017281
0.017544
0.013987
0.017543
0.012413
0.016974
0.016943
0.020684
0.012171
0.018287
0.017469
0.018547
0.018686
0.018433
0.012088
0.019599
0.016818
0.020721
0.019426
0.019366
0.018361
0.018908
0.018267
0.017873
0.021016
0.019394
0.016676
0.019210
0.017146
0.018726
0.018680
0.019150
0.019521
0.017159
0.019812
0.020397
0.018766
