baseline my-jps
0.000465  0.000871
0.000288  0.000749
0.000392  0.000450
0.000213  0.001052
0.000161  0.001139
0.000109  0.000396
0.000123  0.000385
0.000134  0.000515
0.000115  0.000650
0.000139  0.001295
0.000189  0.000992
0.000166  0.000830
0.000198  0.001114
0.000164  0.000663
0.000220  0.000302
0.000132  0.000214
0.000188  0.000169
0.000124  0.000144
0.000206  0.000314
0.000188  0.000238
0.000150  0.000240
0.000187  0.000187
0.000211  0.000345
0.000170  0.000235
0.000258  0.000435
0.000218  0.000299
0.000166  0.000280
0.000240  0.000411
0.000195  0.000210
0.000220  0.000312
0.000160  0.000280
0.000294  0.000477
0.000167  0.000268
0.000156  0.000270
0.000230  0.000241
0.000234  0.000331
0.000194  0.000262
0.000182  0.000271
0.000184  0.000305
0.000293  0.000486
0.000297  0.000351
0.000255  0.000418
0.000360  0.000574
0.000376  0.000470
0.000176  0.000132
0.000180  0.000227
0.000270  0.000349
0.000246  0.000240
0.000286  0.000213
0.000187  0.000286
0.000293  0.000365
0.000292  0.000427
0.000349  0.000460
0.000328  0.000497
0.000334  0.000436
0.000213  0.000325
0.000387  0.000266
0.000345  0.000578
0.000400  0.000524
0.000443  0.000524
0.000353  0.000506
0.000425  0.000580
0.000313  0.000593
0.000284  0.000465
0.000378  0.000491
0.000360  0.000396
0.000382  0.000483
0.000395  0.000348
0.000248  0.000531
0.000178  0.000364
0.000202  0.000435
0.000191  0.000549
0.000217  0.000334
0.000194  0.000398
0.000189  0.000451
0.000255  0.000466
0.000151  0.000267
0.000322  0.000752
0.000255  0.000592
0.000234  0.000293
0.000281  0.000601
0.000243  0.000616
0.000429  0.000744
0.000243  0.000495
0.000159  0.000377
0.000245  0.000587
0.000345  0.000722
0.000211  0.000502
0.000260  0.000669
0.000273  0.000474
0.000316  0.000684
0.000255  0.000627
0.000462  0.000781
0.000291  0.000400
0.000223  0.000509
0.000270  0.000630
0.000282  0.000651
0.000401  0.000701
0.000214  0.000513
0.000260  0.000571
0.000391  0.000815
0.000350  0.000434
0.000296  0.000693
0.000326  0.000615
0.000331  0.000729
0.000282  0.000629
0.000224  0.000415
0.000233  0.000523
0.000305  0.000684
0.000347  0.000672
0.000312  0.000717
0.000610  0.001153
0.000307  0.000670
0.000500  0.000877
0.000367  0.000750
0.000343  0.000702
0.000355  0.000761
0.000260  0.000506
0.000344  0.000720
0.000278  0.000721
0.000473  0.000800
0.000336  0.000720
0.000369  0.000720
0.000426  0.000682
0.000327  0.000724
0.000388  0.000775
0.000377  0.000752
0.000356  0.000763
0.000615  0.001056
0.000421  0.000720
0.000451  0.000751
0.000451  0.000838
0.000575  0.001169
0.000376  0.000787
0.000588  0.001149
0.000567  0.000927
0.000462  0.000789
0.000508  0.000803
0.000495  0.000809
0.000774  0.001384
0.000399  0.001794
0.000132  0.000501
0.000132  0.000690
0.000081  0.000195
0.000130  0.000489
0.000247  0.001848
0.000229  0.001695
0.000091  0.000230
0.000222  0.001680
0.000114  0.000358
0.000101  0.000363
0.000161  0.000445
0.000125  0.000268
0.000165  0.000927
0.000121  0.000506
0.000140  0.000528
0.000153  0.000845
0.000170  0.000823
0.000203  0.001526
0.000227  0.000551
0.000146  0.000558
0.000172  0.000492
0.000138  0.000714
0.000186  0.001331
0.000147  0.000511
0.000125  0.000569
0.000141  0.000642
0.000183  0.001262
0.000103  0.000281
0.000101  0.000270
0.000188  0.001092
0.000138  0.000374
0.000131  0.000535
0.000171  0.001057
0.000216  0.001586
0.000101  0.000409
0.000198  0.001446
0.000219  0.001470
0.000148  0.000456
0.000095  0.000266
0.000174  0.000776
0.000151  0.000710
0.000256  0.001586
0.000194  0.000690
0.000212  0.001428
0.000182  0.001196
0.000134  0.000327
0.000138  0.000687
0.000190  0.000898
0.000224  0.000507
0.000186  0.000286
0.000203  0.001412
0.000214  0.000864
0.000230  0.001705
0.000192  0.000770
0.000254  0.000614
0.000145  0.000777
0.000249  0.001686
0.000224  0.001631
0.000191  0.001405
0.000193  0.000615
0.000131  0.000403
0.000214  0.001591
0.000329  0.001181
0.000269  0.001641
0.000158  0.000490
0.000199  0.001221
0.000155  0.000982
0.000215  0.001676
0.000175  0.000504
0.000280  0.000885
0.000164  0.000661
0.000277  0.001838
0.000231  0.001533
0.000248  0.000286
0.000204  0.001217
0.000182  0.001210
0.000295  0.001890
0.000151  0.000482
0.000232  0.000882
0.000337  0.001147
0.000284  0.001077
0.000232  0.001734
0.000194  0.000418
0.000300  0.001736
0.000403  0.001788
0.000242  0.001696
0.000337  0.001512
0.000268  0.001630
0.000266  0.000867
0.000138  0.000649
0.000153  0.000557
0.000228  0.000570
0.000272  0.001544
0.000297  0.001112
0.000293  0.000666
0.000359  0.001508
0.000396  0.002185
0.000269  0.000821
0.000354  0.000806
0.000249  0.001503
0.000264  0.001886
0.000300  0.001679
0.000268  0.001663
0.000303  0.001459
0.000283  0.001095
0.000488  0.001672
0.000273  0.000680
0.000410  0.001987
0.000290  0.000392
0.000374  0.002117
0.000258  0.001886
0.000141  0.000426
0.000364  0.000897
0.000342  0.000856
0.000389  0.002047
0.000364  0.001152
0.000311  0.001680
0.000369  0.002206
0.000643  0.002698
0.000259  0.001763
0.000672  0.002666
0.000303  0.001057
0.000569  0.002498
0.000399  0.002009
0.000394  0.002053
0.000334  0.001037
0.000218  0.000385
0.000526  0.001664
0.000367  0.001974
0.000405  0.001823
0.000428  0.001191
0.000251  0.001049
0.000399  0.001689
0.000716  0.003013
0.000533  0.002729
0.000372  0.001937
0.000513  0.002196
0.000472  0.002169
0.000368  0.000773
0.000631  0.002531
0.000515  0.002649
0.000643  0.002882
0.000759  0.002860
0.000461  0.001330
0.000371  0.001172
0.000614  0.001442
0.000512  0.002226
0.000721  0.002837
0.000282  0.001664
0.000640  0.001628
0.000412  0.001124
0.000405  0.001161
0.000386  0.001088
0.000447  0.000652
0.000574  0.002154
0.000596  0.002410
0.000702  0.002846
0.000386  0.002072
0.000263  0.000911
0.000813  0.003072
0.000518  0.000946
0.000284  0.000800
0.000659  0.002548
0.000484  0.000958
0.000465  0.002318
0.000366  0.001690
0.000714  0.001823
0.000743  0.003278
0.000619  0.002595
0.000572  0.000963
0.000733  0.003123
0.000765  0.003269
0.000727  0.002846
0.000572  0.001825
0.000749  0.003148
0.000578  0.002564
0.000669  0.002552
0.000624  0.003059
0.000544  0.002470
0.000612  0.002743
0.000811  0.003257
0.000521  0.001093
0.000513  0.002284
0.000476  0.002085
0.000514  0.002656
0.000675  0.002654
0.000479  0.001232
0.000458  0.002523
0.000543  0.000770
0.000770  0.003367
0.000715  0.003040
0.000574  0.000988
0.000488  0.002023
0.000423  0.000907
0.000622  0.001349
0.000693  0.003106
0.000404  0.000699
0.000858  0.003101
0.000518  0.002639
0.000868  0.003122
0.000781  0.002981
0.000503  0.002569
0.000710  0.002725
0.000859  0.002940
0.000589  0.002205
0.000766  0.002855
0.000803  0.002324
0.000740  0.003246
0.000675  0.003090
0.000762  0.003273
0.000656  0.001019
0.000667  0.002715
0.000748  0.002732
0.000491  0.000813
0.000822  0.003047
0.000632  0.002722
0.000877  0.003207
0.000828  0.003026
0.000477  0.001005
0.000786  0.002852
0.000622  0.001078
0.000749  0.002917
0.000898  0.003442
0.000582  0.001171
0.000817  0.003593
0.000529  0.000915
0.000806  0.003269
0.000785  0.003229
0.000581  0.001072
0.000690  0.002889
0.000811  0.003352
0.000819  0.002874
0.000645  0.002626
0.000778  0.003387
0.000684  0.002101
0.000533  0.002294
0.000855  0.003303
0.000664  0.001288
0.000791  0.003329
0.000731  0.001861
0.000736  0.003168
0.000808  0.003202
0.000836  0.003109
0.000770  0.003231
0.000717  0.001615
0.000756  0.003116
0.000668  0.002194
0.000871  0.003316
0.000803  0.001207
0.000538  0.001367
0.000811  0.001484
0.000713  0.003031
0.000674  0.003136
0.000711  0.001552
0.000717  0.002221
0.000853  0.003235
0.000850  0.001971
0.000974  0.003269
0.000923  0.003154
0.000898  0.002398
0.000592  0.001160
0.000980  0.003461
0.000625  0.002124
0.000708  0.001430
0.000939  0.003195
0.000633  0.001562
0.000925  0.003502
0.000803  0.001486
0.000873  0.003275
0.000811  0.001126
0.000777  0.003254
0.000854  0.001677
0.000758  0.001048
0.000612  0.001592
0.000713  0.001447
0.000765  0.001631
0.001094  0.003548
0.000665  0.001319
0.000875  0.001347
0.000862  0.001651
0.000641  0.000932
0.000582  0.001120
0.000562  0.001290
0.000716  0.001784
0.000856  0.001509
0.000740  0.001703
0.000708  0.001726
0.000640  0.001656
0.000656  0.001625
0.000744  0.001522
0.000684  0.001722
0.000869  0.001850
0.001110  0.003542
0.000892  0.003388
0.000719  0.001338
0.000836  0.001333
0.000764  0.001374
0.000853  0.001331
0.000824  0.001905
0.000773  0.001593
0.000923  0.001882
0.000694  0.001602
0.000797  0.001570
0.000790  0.001618
0.001021  0.002668
0.001262  0.004552
0.000764  0.001465
0.000866  0.001699
0.001142  0.004583
0.000817  0.001672
0.001139  0.003856
0.000728  0.001313
0.000781  0.001622
0.000748  0.001848
0.000843  0.001673
0.000881  0.001865
0.000971  0.002038
0.001042  0.003497
0.001124  0.003321
0.001202  0.003805
0.000997  0.001988
0.000964  0.001890
0.000999  0.003679
0.000852  0.002056
0.000825  0.001934
0.001056  0.002468
0.001056  0.003289
0.000957  0.001699
0.000811  0.001295
0.001312  0.004931
0.000916  0.001766
0.001077  0.003400
0.000923  0.001922
0.001140  0.003457
0.001049  0.002113
0.001216  0.004392
0.000885  0.001756
0.000839  0.001661
0.000762  0.001086
0.001114  0.003573
0.001000  0.003503
0.000996  0.001836
0.001292  0.003884
0.000956  0.003392
0.001098  0.003604
0.001174  0.002984
0.001264  0.003672
0.000976  0.001644
0.001083  0.003373
0.001113  0.003654
0.001229  0.003824
0.000998  0.003644
0.000968  0.002064
0.001336  0.004583
0.000984  0.002062
0.001195  0.004419
0.001388  0.003849
0.001252  0.004226
0.000870  0.001327
0.001189  0.003882
0.001202  0.002908
0.001253  0.003889
0.001001  0.002130
0.001037  0.001835
0.000996  0.001710
0.001409  0.003961
0.001278  0.004585
0.001143  0.002301
0.000940  0.001776
0.001037  0.002339
0.001018  0.001956
0.000958  0.002462
0.001199  0.003661
0.001263  0.002314
0.001029  0.003453
0.001039  0.002236
0.001014  0.001831
0.001024  0.001836
0.001343  0.003758
0.001415  0.003893
0.001256  0.003799
0.001394  0.003333
0.001459  0.004414
0.001643  0.005300
0.001006  0.002377
0.001246  0.004032
0.001400  0.004812
0.001157  0.003558
0.001429  0.004020
0.001458  0.004294
0.001077  0.003611
0.001264  0.002980
0.001471  0.003998
0.001350  0.004166
0.001222  0.002576
0.001128  0.003667
0.001443  0.004030
0.001092  0.002276
0.001262  0.002984
0.001080  0.003595
0.001766  0.005356
0.001062  0.002344
0.001074  0.002229
0.001202  0.003799
0.001355  0.003829
0.001472  0.005045
0.001421  0.004713
0.001319  0.004063
0.001048  0.001758
0.001483  0.004032
0.001367  0.003870
0.001234  0.003791
0.001378  0.004910
0.001363  0.004826
0.001085  0.003774
0.001112  0.002359
0.001524  0.004360
0.001364  0.004229
0.001411  0.005121
0.001307  0.002456
0.001345  0.003034
0.001436  0.003913
0.001310  0.003994
0.001706  0.005432
0.001561  0.004414
0.001281  0.003022
0.001898  0.005489
0.001749  0.005504
0.001232  0.003553
0.001375  0.004144
0.001440  0.004350
0.001370  0.003100
0.001299  0.003866
0.001250  0.003922
0.001351  0.004108
0.001509  0.004407
0.001352  0.004236
0.001583  0.004385
0.001478  0.004041
0.001833  0.005545
0.001555  0.004280
0.001608  0.005445
0.001565  0.005124
0.001428  0.004029
0.001351  0.004171
0.001316  0.003069
0.001615  0.005496
0.001743  0.005058
0.001480  0.004170
0.001590  0.005449
0.001684  0.005541
0.001912  0.005552
0.001544  0.004423
0.001406  0.004253
0.001300  0.004096
0.001501  0.004366
0.001616  0.004469
0.001529  0.004223
0.001684  0.005484
0.001396  0.003155
0.001514  0.004219
0.001368  0.004212
0.001462  0.004391
0.001523  0.003946
0.001480  0.005072
0.001451  0.003984
0.001235  0.003974
0.001644  0.005595
0.001506  0.004318
0.001686  0.004425
0.001497  0.004410
0.001471  0.004100
0.001400  0.003122
0.001761  0.005753
0.001726  0.005580
0.001558  0.004242
0.001368  0.003095
0.001642  0.005177
0.001539  0.004068
0.001838  0.005784
0.001477  0.003134
0.001486  0.003269
0.001626  0.005508
0.001677  0.004322
0.001613  0.004263
0.001690  0.005505
0.001813  0.005771
0.001575  0.004134
0.001494  0.004973
0.001378  0.003140
0.001601  0.004516
0.001627  0.004626
0.001406  0.004226
0.001584  0.004463
0.001597  0.004101
0.001588  0.004494
0.001798  0.005671
0.001304  0.004151
0.001637  0.004440
0.001366  0.004277
0.001522  0.004107
0.001710  0.004531
0.001537  0.004468
0.001737  0.005505
0.001720  0.005591
0.001560  0.004129
0.001370  0.002927
0.001547  0.004048
0.001755  0.005643
0.001634  0.004502
0.001834  0.005734
0.002207  0.005893
0.001636  0.004161
0.002023  0.005870
0.001911  0.005724
0.001402  0.004330
0.001650  0.004499
0.001405  0.002918
0.001668  0.004524
0.001900  0.005444
0.001584  0.004503
0.001534  0.004140
0.002068  0.005837
0.001887  0.005694
0.001834  0.005655
0.001866  0.005731
0.001637  0.004585
0.001394  0.003213
0.001681  0.004509
0.002017  0.005839
0.001682  0.004586
0.001964  0.005804
0.001920  0.005816
0.001966  0.005893
0.001790  0.005734
0.001503  0.004121
0.001986  0.005882
0.001651  0.004548
0.001868  0.005825
0.001676  0.004611
0.001699  0.004426
0.001393  0.002957
0.001651  0.004118
0.001726  0.004407
0.001466  0.003251
0.001674  0.004407
0.001659  0.004472
0.002004  0.005880
0.001686  0.004573
0.001747  0.004389
0.001634  0.004524
0.001565  0.004143
0.002063  0.005826
0.001654  0.004531
0.001412  0.003204
0.001553  0.004109
0.002078  0.005850
0.001712  0.004601
0.001455  0.003419
0.001527  0.004028
0.001715  0.004507
0.002075  0.006000
0.001432  0.003228
0.001626  0.004145
0.001735  0.004578
0.001604  0.004503
0.001648  0.004499
0.002053  0.005954
0.001644  0.004543
0.001552  0.004099
0.001422  0.003206
0.001703  0.004529
0.001474  0.003259
0.001429  0.003209
0.002075  0.005881
0.001725  0.004374
0.001433  0.003217
0.001438  0.003379
0.002100  0.005878
0.001420  0.003190
0.002121  0.006000
0.001630  0.004513
0.001550  0.004153
0.001548  0.004178
0.002124  0.005984
0.001589  0.003331
0.001749  0.004564
0.002193  0.005983
0.001383  0.003209
0.001651  0.004621
0.001732  0.004489
0.001673  0.004643
0.001845  0.004705
0.001676  0.004614
0.001628  0.004588
0.001668  0.004636
0.002147  0.006043
0.002124  0.006044
0.001659  0.004603
0.000251  0.000108
0.000114  0.000051
0.000088  0.000035
0.000148  0.000054
0.000129  0.000060
0.000165  0.000071
0.000181  0.000062
0.000206  0.000076
0.000209  0.000057
0.000114  0.000042
0.000160  0.000074
0.000208  0.000071
0.000241  0.000110
0.000238  0.000100
0.000237  0.000093
0.000225  0.000089
0.000142  0.000053
0.000169  0.000057
0.000230  0.000083
0.000198  0.000065
0.000288  0.000100
0.000251  0.000109
0.000292  0.000112
0.000539  0.000211
0.000479  0.000193
0.000414  0.000178
0.000421  0.000171
0.000620  0.000262
0.000255  0.000094
0.000312  0.000136
0.000437  0.000213
0.000388  0.000140
0.000466  0.000177
0.000444  0.000197
0.000467  0.000190
0.000538  0.000229
0.000601  0.000285
0.000546  0.000200
0.000638  0.000226
0.000640  0.000331
0.000421  0.000159
0.000641  0.000212
0.000444  0.000230
0.000572  0.000303
0.000576  0.000314
0.000531  0.000264
0.000670  0.000397
0.000628  0.000378
0.000484  0.000229
0.000398  0.000257
0.000475  0.000277
0.000624  0.000361
0.001015  0.000497
0.000715  0.000398
0.000682  0.000361
0.000806  0.000473
0.000632  0.000321
0.001161  0.000663
0.000705  0.000371
0.001006  0.000523
0.000684  0.000428
0.000888  0.000480
0.000714  0.000417
0.000801  0.000420
0.000630  0.000329
0.000942  0.000536
0.000444  0.000238
0.000826  0.000501
0.000750  0.000478
0.000554  0.000346
0.000720  0.000402
0.001249  0.000785
0.001564  0.000926
0.000533  0.000274
0.000830  0.000450
0.001250  0.000701
0.000803  0.000426
0.000829  0.000424
0.001277  0.000720
0.001702  0.000947
0.000839  0.000417
0.000771  0.000361
0.000720  0.000368
0.000957  0.000534
0.001738  0.001073
0.000961  0.000586
0.002171  0.001228
0.001273  0.000673
0.001606  0.000909
0.001078  0.000673
0.001621  0.000993
0.001664  0.000868
0.001570  0.000925
0.001644  0.000882
0.001302  0.000708
0.002526  0.001535
0.002300  0.001303
0.001560  0.000957
0.001123  0.000675
0.001537  0.000851
0.001933  0.001086
0.002379  0.001460
0.001199  0.000623
0.002346  0.001347
0.002732  0.001549
0.001189  0.000659
0.003382  0.001980
0.002618  0.001562
0.001599  0.000910
0.001969  0.001105
0.002266  0.001317
0.002385  0.001369
0.003341  0.001999
0.001774  0.000925
0.003146  0.001820
0.003108  0.001758
0.003063  0.001779
0.001536  0.000903
0.002496  0.001404
0.001586  0.000909
0.002298  0.001357
0.001414  0.000772
0.003258  0.001902
0.001987  0.001145
0.002420  0.001453
0.002573  0.001449
0.003040  0.001740
0.002013  0.001191
0.003029  0.001685
0.005510  0.003244
0.003684  0.002222
0.002514  0.001422
0.003155  0.001802
0.002006  0.001156
0.001881  0.001020
0.003388  0.001911
0.001968  0.001106
0.003201  0.001858
0.004718  0.002759
0.002180  0.001255
0.002142  0.001366
0.002021  0.001301
0.004398  0.002605
0.004460  0.002508
0.003606  0.002083
0.002062  0.001156
0.005320  0.003077
0.002419  0.001353
0.003899  0.002119
0.002463  0.001450
0.006998  0.004182
0.005008  0.002950
0.002299  0.001404
0.005301  0.003286
0.004530  0.002701
0.002621  0.001581
0.003072  0.001688
0.006331  0.003705
0.003647  0.002036
0.003536  0.002001
0.005396  0.003135
0.002880  0.001648
0.004052  0.002288
0.002242  0.001349
0.006027  0.003548
0.003709  0.002047
0.002582  0.001620
0.006034  0.003453
0.005001  0.002893
0.004843  0.002848
0.005052  0.002919
0.002886  0.001650
0.003442  0.001929
0.006939  0.003965
0.002444  0.001311
0.009008  0.005308
0.005514  0.003359
0.002364  0.001237
0.003342  0.001898
0.004098  0.002353
0.005826  0.003471
0.004437  0.002559
0.003646  0.002109
0.006371  0.003744
0.004154  0.002530
0.003205  0.001814
0.007633  0.004424
0.004717  0.002887
0.005342  0.003131
0.005229  0.003064
0.009667  0.005646
0.005000  0.002935
0.002782  0.001577
0.004893  0.002846
0.007166  0.004199
0.005190  0.002919
0.005906  0.003461
0.007245  0.004341
0.004557  0.002629
0.005214  0.003129
0.005956  0.003448
0.006116  0.003537
0.011046  0.006455
0.004420  0.002476
0.007364  0.004252
0.006335  0.003509
0.008527  0.004832
0.004261  0.002427
0.005763  0.003482
0.010495  0.006117
0.007444  0.004245
0.005448  0.003222
0.004922  0.002835
0.005427  0.003314
0.006447  0.003739
0.008836  0.005160
0.006109  0.003455
0.006616  0.003625
0.013424  0.007849
0.005612  0.003235
0.007878  0.004519
0.007325  0.004230
0.007969  0.004637
0.004497  0.002706
0.005959  0.003453
0.005183  0.002997
0.011135  0.006545
0.010079  0.005978
0.004443  0.002492
0.007743  0.004555
0.008321  0.004673
0.007775  0.004377
0.007603  0.004389
0.006410  0.003840
0.005265  0.002934
0.003689  0.002198
0.012528  0.007236
0.012995  0.007436
0.007849  0.004649
0.008168  0.004696
0.009623  0.005590
0.007455  0.004269
0.009219  0.005269
0.009655  0.005748
0.008665  0.005118
0.013261  0.007636
0.011071  0.006587
0.008879  0.005123
0.008572  0.004986
0.007713  0.004622
0.012204  0.007083
0.009075  0.005196
0.012474  0.007350
0.010246  0.005822
0.008097  0.004613
0.011211  0.006280
0.013284  0.007757
0.007804  0.004704
0.006333  0.003549
0.010708  0.006063
0.006987  0.003940
0.007401  0.004532
0.009482  0.005576
0.008334  0.004704
0.010313  0.005866
0.006981  0.004024
0.009700  0.005720
0.009617  0.005773
0.010934  0.006540
0.008931  0.005117
0.012657  0.007371
0.007397  0.004137
0.009543  0.005552
0.008998  0.005168
0.014081  0.008263
0.009732  0.005658
0.013086  0.007613
0.018589  0.011319
0.010088  0.005997
0.012687  0.007422
0.014574  0.008421
0.009479  0.005401
0.006435  0.003721
0.017327  0.010361
0.012132  0.007043
0.020227  0.011873
0.008187  0.004706
0.012589  0.007392
0.010389  0.006094
0.016752  0.009933
0.015372  0.008792
0.010500  0.006068
0.017155  0.010003
0.010798  0.006296
0.010135  0.005842
0.018777  0.011112
0.010757  0.006379
0.014439  0.008229
0.012633  0.007603
0.014368  0.008233
0.009076  0.005069
0.016385  0.009642
0.016570  0.009790
0.011672  0.006727
0.011569  0.006717
0.014747  0.008640
0.018144  0.010471
0.011638  0.006814
0.010301  0.005877
0.016351  0.009253
0.015620  0.008903
0.013070  0.007512
0.013531  0.007869
0.011380  0.006619
0.008652  0.004852
0.018393  0.010779
0.016904  0.009885
0.007581  0.004301
0.015611  0.009169
0.018214  0.010693
0.016457  0.009656
0.020244  0.011941
0.009012  0.005098
0.011955  0.007104
0.021125  0.012769
0.014280  0.008097
0.021243  0.012458
0.015328  0.008714
0.007432  0.004165
0.015084  0.008685
0.015342  0.008873
0.015129  0.008900
0.016212  0.009399
0.020584  0.012317
0.016917  0.009969
0.018418  0.010855
0.021179  0.012556
0.015460  0.009131
0.012979  0.007595
0.010232  0.005922
0.022255  0.013333
0.014181  0.008256
0.012345  0.007108
0.017220  0.010082
0.017653  0.010245
0.023941  0.014071
0.017876  0.010506
0.012960  0.007679
0.018693  0.010858
0.014654  0.008573
0.023180  0.013949
0.019869  0.011535
0.018559  0.010682
0.016369  0.009741
0.016301  0.009490
0.019947  0.011741
0.015044  0.008823
0.014076  0.008144
0.011429  0.006639
0.014228  0.008324
0.011694  0.006661
0.026493  0.015973
0.020759  0.012515
0.021349  0.012657
0.018877  0.010947
0.018020  0.010540
0.017075  0.010047
0.020026  0.011396
0.021093  0.012285
0.009945  0.005973
0.017134  0.009714
0.019352  0.011416
0.021699  0.012896
0.024662  0.014468
0.023615  0.013948
0.027435  0.016250
0.024378  0.014044
0.018080  0.010709
0.029398  0.017571
0.030692  0.018143
0.026847  0.015929
0.016051  0.009496
0.024864  0.014448
0.025051  0.014976
0.023946  0.014294
0.024569  0.014598
0.021670  0.012831
0.020040  0.011672
0.020096  0.011864
0.026158  0.015306
0.020107  0.011950
0.019927  0.011726
0.025117  0.014472
0.022250  0.013110
0.015860  0.009251
0.022216  0.013360
0.024349  0.014527
0.029019  0.017258
0.019419  0.011369
0.025513  0.015049
0.024616  0.014227
0.028465  0.016878
0.025154  0.014363
0.017604  0.010302
0.018388  0.010410
0.021669  0.012517
0.021461  0.012551
0.030224  0.018054
0.023538  0.013467
0.025863  0.015292
0.030453  0.017772
0.029417  0.016901
0.022409  0.013202
0.030498  0.017772
0.023851  0.013629
0.026224  0.015165
0.028415  0.016320
0.030846  0.019825
0.028290  0.016526
0.026685  0.015920
0.023657  0.013884
0.029331  0.017439
0.031623  0.018800
0.030880  0.018277
0.028038  0.016093
0.026932  0.015944
0.026107  0.015263
0.029085  0.017439
0.031297  0.018476
0.019723  0.011347
0.026290  0.015334
0.031881  0.019004
0.031318  0.018453
0.026073  0.015113
0.028862  0.017096
0.026191  0.015249
0.029057  0.016797
0.027519  0.015874
0.026115  0.015148
0.022241  0.013053
0.028740  0.016924
0.027380  0.015995
0.033628  0.019685
0.029970  0.017214
0.032864  0.019190
0.027117  0.015598
0.027442  0.015846
0.032334  0.018879
0.019579  0.011359
0.029421  0.017137
0.031786  0.018351
0.027153  0.015894
0.031622  0.018436
0.029403  0.017281
0.030173  0.017544
0.024026  0.013987
0.030250  0.017543
0.021445  0.012413
0.029400  0.016974
0.029027  0.016943
0.035574  0.020684
0.020792  0.012171
0.031716  0.018287
0.030262  0.017469
0.032039  0.018547
0.031967  0.018686
0.031968  0.018433
0.020607  0.012088
0.033561  0.019599
0.029463  0.016818
0.035683  0.020721
0.033941  0.019426
0.033936  0.019366
0.031815  0.018361
0.032589  0.018908
0.031911  0.018267
0.030761  0.017873
0.036098  0.021016
0.033132  0.019394
0.029042  0.016676
0.032820  0.019210
0.029415  0.017146
0.032088  0.018726
0.032203  0.018680
0.033513  0.019150
0.033931  0.019521
0.029303  0.017159
0.034347  0.019812
0.035552  0.020397
0.032176  0.018766
